f:\研究生\程序\二级程序修改1月3日\remoteopcclient\debug\vc120.pdb
f:\研究生\程序\二级程序修改1月3日\remoteopcclient\debug\vc120.idb
f:\研究生\程序\二级程序修改1月3日\remoteopcclient\debug\debugedlg.obj
f:\研究生\程序\二级程序\remoteopcclient\debug\remoteopcclient.pch
f:\研究生\程序\二级程序\remoteopcclient\debug\vc120.pdb
f:\研究生\程序\二级程序\remoteopcclient\debug\vc120.idb
f:\研究生\程序\二级程序\remoteopcclient\debug\stdafx.obj
f:\研究生\程序\二级程序\remoteopcclient\debug\bttempcalthread.obj
f:\研究生\程序\二级程序\remoteopcclient\debug\cdkvtcpipclientocx.obj
f:\研究生\程序\二级程序\remoteopcclient\debug\cdkvtcpipclientocxevents.obj
f:\研究生\程序\二级程序\remoteopcclient\debug\furtempoptthread.obj
f:\研究生\程序\二级程序\remoteopcclient\debug\informationdlg.obj
f:\研究生\程序\二级程序\remoteopcclient\debug\remoteopcclient.obj
f:\研究生\程序\二级程序\remoteopcclient\debug\remoteopcclientdlg.obj
f:\研究生\程序\二级程序\remoteopcclient\debug\tchart1.obj
f:\研究生\程序\二级程序\remoteopcclient\debug\variabledef.obj
f:\研究生\程序\二级程序修改1月3日\debug\remoteopcclient.ilk
f:\研究生\程序\二级程序修改1月3日\debug\remoteopcclient.exe
f:\研究生\程序\二级程序修改1月3日\debug\remoteopcclient.pdb
f:\研究生\程序\二级程序\debug\remoteopcclient.ilk
f:\研究生\程序\二级程序\debug\remoteopcclient.exe
f:\研究生\程序\二级程序\debug\remoteopcclient.pdb
f:\研究生\程序\二级程序\remoteopcclient\debug\remoteopcclient.res
f:\研究生\程序\二级程序\remoteopcclient\debug\debugedlg.obj
f:\研究生\程序\二级程序\remoteopcclient\debug\teechart5.tli
f:\研究生\程序\二级程序\remoteopcclient\debug\teechart5.tlh
f:\研究生\程序\二级程序\remoteopcclient\debug\remoteopcclient.tlog\cl.command.1.tlog
f:\研究生\程序\二级程序\remoteopcclient\debug\remoteopcclient.tlog\cl.read.1.tlog
f:\研究生\程序\二级程序\remoteopcclient\debug\remoteopcclient.tlog\cl.write.1.tlog
f:\研究生\程序\二级程序\remoteopcclient\debug\remoteopcclient.tlog\link.command.1.tlog
f:\研究生\程序\二级程序\remoteopcclient\debug\remoteopcclient.tlog\link.read.1.tlog
f:\研究生\程序\二级程序\remoteopcclient\debug\remoteopcclient.tlog\link.write.1.tlog
f:\研究生\程序\二级程序\remoteopcclient\debug\remoteopcclient.tlog\rc.command.1.tlog
f:\研究生\程序\二级程序\remoteopcclient\debug\remoteopcclient.tlog\rc.read.1.tlog
f:\研究生\程序\二级程序\remoteopcclient\debug\remoteopcclient.tlog\rc.write.1.tlog
