生成启动时间为 2019/3/4 16:58:29。
     1>项目“F:\研究生\程序\二级程序\RemoteOPCClient\RemoteOPCClient.vcxproj”在节点 2 上(Build 个目标)。
     1>ClCompile:
         C:\Program Files (x86)\Microsoft Visual Studio 12.0\VC\bin\CL.exe /c /ZI /nologo /W3 /WX- /sdl /Od /Oy- /D WIN32 /D _WINDOWS /D _DEBUG /D _CRT_SECURE_NO_WARNINGS /D _UNICODE /D UNICODE /D _AFXDLL /Gm /EHsc /RTC1 /MDd /GS /fp:precise /fp:except- /Zc:wchar_t /Zc:forScope /Yu"stdafx.h" /Fp"Debug\RemoteOPCClient.pch" /Fo"Debug\\" /Fd"Debug\vc120.pdb" /Gd /TP /analyze- /errorReport:prompt RemoteOPCClientDlg.cpp
         RemoteOPCClientDlg.cpp
     1>f:\研究生\程序\二级程序\remoteopcclient\remoteopcclientdlg.cpp(695): warning C4800: “int”: 将值强制为布尔值“true”或“false”(性能警告)
     1>f:\研究生\程序\二级程序\remoteopcclient\remoteopcclientdlg.cpp(702): warning C4244: “=”: 从“double”转换到“float”，可能丢失数据
       Link:
         C:\Program Files (x86)\Microsoft Visual Studio 12.0\VC\bin\link.exe /ERRORREPORT:PROMPT /OUT:"F:\研究生\程序\二级程序\Debug\RemoteOPCClient.exe" /INCREMENTAL /NOLOGO /MANIFEST /MANIFESTUAC:"level='asInvoker' uiAccess='false'" /manifest:embed /manifestinput:"C:\Program Files (x86)\Microsoft Visual Studio 12.0\VC\Include\Manifest\dpiaware.manifest" /DEBUG /PDB:"F:\研究生\程序\二级程序\Debug\RemoteOPCClient.pdb" /SUBSYSTEM:WINDOWS /TLBID:1 /ENTRY:"wWinMainCRTStartup" /DYNAMICBASE /NXCOMPAT /IMPLIB:"F:\研究生\程序\二级程序\Debug\RemoteOPCClient.lib" /MACHINE:X86 Debug\RemoteOPCClient.res
         Debug\BtTempCalThread.obj
         Debug\CDKvTcpipClientOcx.obj
         Debug\CDKvTcpipClientOcxEvents.obj
         Debug\FurTempOptThread.obj
         Debug\InformationDlg.obj
         Debug\RemoteOPCClient.obj
         Debug\RemoteOPCClientDlg.obj
         Debug\stdafx.obj
         Debug\tchart1.obj
         Debug\VariableDef.obj
         RemoteOPCClient.vcxproj -> F:\研究生\程序\二级程序\Debug\RemoteOPCClient.exe
     1>已完成生成项目“F:\研究生\程序\二级程序\RemoteOPCClient\RemoteOPCClient.vcxproj”(Build 个目标)的操作。

生成成功。

已用时间 00:00:01.83
