生成启动时间为 2019/2/22 15:29:04。
     1>项目“F:\研究生\程序\二级程序\RemoteOPCClient\RemoteOPCClient.vcxproj”在节点 2 上(Build 个目标)。
     1>ClCompile:
         C:\Program Files (x86)\Microsoft Visual Studio 12.0\VC\bin\CL.exe /c /Zi /nologo /W3 /WX- /sdl /O2 /Oi /Oy- /GL /D WIN32 /D _WINDOWS /D NDEBUG /D _CRT_SECURE_NO_WARNINGS /D _UNICODE /D UNICODE /D _AFXDLL /Gm- /EHsc /MD /GS /Gy /fp:precise /Zc:wchar_t /Zc:forScope /Yc"stdafx.h" /Fp"Release\RemoteOPCClient.pch" /Fo"Release\\" /Fd"Release\vc120.pdb" /Gd /TP /analyze- /errorReport:prompt stdafx.cpp
         stdafx.cpp
         C:\Program Files (x86)\Microsoft Visual Studio 12.0\VC\bin\CL.exe /c /Zi /nologo /W3 /WX- /sdl /O2 /Oi /Oy- /GL /D WIN32 /D _WINDOWS /D NDEBUG /D _CRT_SECURE_NO_WARNINGS /D _UNICODE /D UNICODE /D _AFXDLL /Gm- /EHsc /MD /GS /Gy /fp:precise /Zc:wchar_t /Zc:forScope /Yu"stdafx.h" /Fp"Release\RemoteOPCClient.pch" /Fo"Release\\" /Fd"Release\vc120.pdb" /Gd /TP /analyze- /errorReport:prompt BtTempCalThread.cpp CDKvTcpipClientOcx.cpp CDKvTcpipClientOcxEvents.cpp FurTempOptThread.cpp InformationDlg.cpp RemoteOPCClient.cpp RemoteOPCClientDlg.cpp tchart1.cpp VariableDef.cpp
         BtTempCalThread.cpp
         CDKvTcpipClientOcx.cpp
         CDKvTcpipClientOcxEvents.cpp
         FurTempOptThread.cpp
         InformationDlg.cpp
         RemoteOPCClient.cpp
         RemoteOPCClientDlg.cpp
     1>RemoteOPCClientDlg.cpp(692): warning C4800: “int”: 将值强制为布尔值“true”或“false”(性能警告)
     1>RemoteOPCClientDlg.cpp(699): warning C4244: “=”: 从“double”转换到“float”，可能丢失数据
         tchart1.cpp
         VariableDef.cpp
       ResourceCompile:
         C:\Program Files (x86)\Windows Kits\8.1\bin\x86\rc.exe /D NDEBUG /D _UNICODE /D UNICODE /D _AFXDLL /l"0x0804" /IRelease\ /nologo /fo"Release\RemoteOPCClient.res" RemoteOPCClient.rc 
       Link:
         C:\Program Files (x86)\Microsoft Visual Studio 12.0\VC\bin\link.exe /ERRORREPORT:PROMPT /OUT:"F:\研究生\程序\二级程序\Release\RemoteOPCClient.exe" /INCREMENTAL:NO /NOLOGO /MANIFEST /MANIFESTUAC:"level='asInvoker' uiAccess='false'" /manifest:embed /manifestinput:"C:\Program Files (x86)\Microsoft Visual Studio 12.0\VC\Include\Manifest\dpiaware.manifest" /DEBUG /PDB:"F:\研究生\程序\二级程序\Release\RemoteOPCClient.pdb" /SUBSYSTEM:WINDOWS /OPT:REF /OPT:ICF /LTCG /TLBID:1 /ENTRY:"wWinMainCRTStartup" /DYNAMICBASE /NXCOMPAT /IMPLIB:"F:\研究生\程序\二级程序\Release\RemoteOPCClient.lib" /MACHINE:X86 /SAFESEH Release\RemoteOPCClient.res
         Release\BtTempCalThread.obj
         Release\CDKvTcpipClientOcx.obj
         Release\CDKvTcpipClientOcxEvents.obj
         Release\FurTempOptThread.obj
         Release\InformationDlg.obj
         Release\RemoteOPCClient.obj
         Release\RemoteOPCClientDlg.obj
         Release\stdafx.obj
         Release\tchart1.obj
         Release\VariableDef.obj
         正在生成代码
     1>f:\研究生\程序\二级程序\remoteopcclient\variabledef.cpp(255): warning C4715: “en_quene”: 不是所有的控件路径都返回值
         已完成代码的生成
         RemoteOPCClient.vcxproj -> F:\研究生\程序\二级程序\Release\RemoteOPCClient.exe
     1>已完成生成项目“F:\研究生\程序\二级程序\RemoteOPCClient\RemoteOPCClient.vcxproj”(Build 个目标)的操作。

生成成功。

已用时间 00:00:10.11
